<?xml version="1.0" encoding="UTF-8"?>
<!-- Generated by org.testng.reporters.JUnitReportReporter -->
<testsuite hostname="Shri" failures="0" tests="3" name="com.test.TestCase" time="36.954" errors="0" timestamp="2024-05-09T22:56:47 IST" skipped="0">
  <testcase classname="com.test.TestCase" name="verifyEmailAndPassRequriedOrNot" time="16.962"/>
  <testcase classname="com.test.TestCase" name="verifyMaritalStatusRequriedOrNot" time="9.766"/>
  <testcase classname="com.test.TestCase" name="verifyMobilenum" time="10.226"/>
</testsuite> <!-- com.test.TestCase -->
